Compiled jquery.js  (12ms)  (pid 2473)
Compiled jquery_ujs.js  (63ms)  (pid 2473)
Compiled admin.js  (181ms)  (pid 2473)
Compiled pages.js  (3ms)  (pid 2473)
Compiled users.js  (2ms)  (pid 2473)
Compiled application.js  (342ms)  (pid 2473)
Compiled admin.css  (9ms)  (pid 2473)
Compiled blueprint/ie.css  (1ms)  (pid 2473)
Compiled blueprint/plugins/buttons/screen.css  (0ms)  (pid 2473)
Compiled blueprint/plugins/fancy-type/screen.css  (0ms)  (pid 2473)
Compiled blueprint/plugins/link-icons/screen.css  (1ms)  (pid 2473)
Compiled blueprint/plugins/rtl/screen.css  (0ms)  (pid 2473)
Compiled blueprint/print.css  (0ms)  (pid 2473)
Compiled blueprint/screen.css  (1ms)  (pid 2473)
Compiled blueprint/src/forms.css  (0ms)  (pid 2473)
Compiled blueprint/src/grid.css  (0ms)  (pid 2473)
Compiled blueprint/src/ie.css  (1ms)  (pid 2473)
Compiled blueprint/src/print.css  (0ms)  (pid 2473)
Compiled blueprint/src/reset.css  (0ms)  (pid 2473)
Compiled blueprint/src/typography.css  (1ms)  (pid 2473)
Compiled pages.css  (4ms)  (pid 2473)
Compiled scaffolds.css  (34ms)  (pid 2473)
Compiled users.css  (4ms)  (pid 2473)
Compiled application.css  (391ms)  (pid 2473)
Compiled jquery.js  (11ms)  (pid 2456)
Compiled jquery_ujs.js  (60ms)  (pid 2456)
Compiled admin.js  (182ms)  (pid 2456)
Compiled pages.js  (4ms)  (pid 2456)
Compiled users.js  (1ms)  (pid 2456)
Compiled application.js  (431ms)  (pid 2456)
Compiled admin.css  (4ms)  (pid 2456)
Compiled blueprint/ie.css  (0ms)  (pid 2456)
Compiled blueprint/plugins/buttons/screen.css  (0ms)  (pid 2456)
Compiled blueprint/plugins/fancy-type/screen.css  (0ms)  (pid 2456)
Compiled blueprint/plugins/link-icons/screen.css  (0ms)  (pid 2456)
Compiled blueprint/plugins/rtl/screen.css  (0ms)  (pid 2456)
Compiled blueprint/print.css  (0ms)  (pid 2456)
Compiled blueprint/screen.css  (0ms)  (pid 2456)
Compiled blueprint/src/forms.css  (0ms)  (pid 2456)
Compiled blueprint/src/grid.css  (0ms)  (pid 2456)
Compiled blueprint/src/ie.css  (0ms)  (pid 2456)
Compiled blueprint/src/print.css  (0ms)  (pid 2456)
Compiled blueprint/src/reset.css  (0ms)  (pid 2456)
Compiled blueprint/src/typography.css  (0ms)  (pid 2456)
Compiled pages.css  (1ms)  (pid 2456)
Compiled scaffolds.css  (15ms)  (pid 2456)
Compiled users.css  (2ms)  (pid 2456)
Compiled application.css  (184ms)  (pid 2456)
Compiled jquery.js  (11ms)  (pid 3313)
Compiled jquery_ujs.js  (0ms)  (pid 3313)
Compiled admin.js  (187ms)  (pid 3313)
Compiled pages.js  (3ms)  (pid 3313)
Compiled users.js  (2ms)  (pid 3313)
Compiled application.js  (359ms)  (pid 3313)
Compiled admin.css  (10ms)  (pid 3313)
Compiled blueprint/ie.css  (1ms)  (pid 3313)
Compiled blueprint/plugins/buttons/screen.css  (1ms)  (pid 3313)
Compiled blueprint/plugins/fancy-type/screen.css  (0ms)  (pid 3313)
Compiled blueprint/plugins/link-icons/screen.css  (0ms)  (pid 3313)
Compiled blueprint/plugins/rtl/screen.css  (0ms)  (pid 3313)
Compiled blueprint/print.css  (0ms)  (pid 3313)
Compiled blueprint/screen.css  (2ms)  (pid 3313)
Compiled blueprint/src/forms.css  (1ms)  (pid 3313)
Compiled blueprint/src/grid.css  (1ms)  (pid 3313)
Compiled blueprint/src/ie.css  (1ms)  (pid 3313)
Compiled blueprint/src/print.css  (0ms)  (pid 3313)
Compiled blueprint/src/reset.css  (1ms)  (pid 3313)
Compiled blueprint/src/typography.css  (2ms)  (pid 3313)
Compiled pages.css  (4ms)  (pid 3313)
Compiled scaffolds.css  (39ms)  (pid 3313)
Compiled users.css  (4ms)  (pid 3313)
Compiled application.css  (433ms)  (pid 3313)
Compiled jquery.js  (16ms)  (pid 3293)
Compiled jquery_ujs.js  (0ms)  (pid 3293)
Compiled admin.js  (181ms)  (pid 3293)
Compiled pages.js  (1ms)  (pid 3293)
Compiled users.js  (0ms)  (pid 3293)
Compiled application.js  (344ms)  (pid 3293)
Compiled admin.css  (4ms)  (pid 3293)
Compiled blueprint/ie.css  (0ms)  (pid 3293)
Compiled blueprint/plugins/buttons/screen.css  (0ms)  (pid 3293)
Compiled blueprint/plugins/fancy-type/screen.css  (0ms)  (pid 3293)
Compiled blueprint/plugins/link-icons/screen.css  (0ms)  (pid 3293)
Compiled blueprint/plugins/rtl/screen.css  (0ms)  (pid 3293)
Compiled blueprint/print.css  (4ms)  (pid 3293)
Compiled blueprint/screen.css  (0ms)  (pid 3293)
Compiled blueprint/src/forms.css  (0ms)  (pid 3293)
Compiled blueprint/src/grid.css  (0ms)  (pid 3293)
Compiled blueprint/src/ie.css  (0ms)  (pid 3293)
Compiled blueprint/src/print.css  (0ms)  (pid 3293)
Compiled blueprint/src/reset.css  (0ms)  (pid 3293)
Compiled blueprint/src/typography.css  (0ms)  (pid 3293)
Compiled pages.css  (1ms)  (pid 3293)
Compiled scaffolds.css  (35ms)  (pid 3293)
Compiled users.css  (2ms)  (pid 3293)
Compiled application.css  (362ms)  (pid 3293)
Compiled jquery.js  (79ms)  (pid 4296)
Compiled jquery_ujs.js  (0ms)  (pid 4296)
Compiled admin.js  (178ms)  (pid 4296)
Compiled pages.js  (1ms)  (pid 4296)
Compiled users.js  (1ms)  (pid 4296)
Compiled application.js  (345ms)  (pid 4296)
Compiled admin.css  (10ms)  (pid 4296)
Compiled blueprint/ie.css  (0ms)  (pid 4296)
Compiled blueprint/plugins/buttons/screen.css  (0ms)  (pid 4296)
Compiled blueprint/plugins/fancy-type/screen.css  (0ms)  (pid 4296)
Compiled blueprint/plugins/link-icons/screen.css  (0ms)  (pid 4296)
Compiled blueprint/plugins/rtl/screen.css  (0ms)  (pid 4296)
Compiled blueprint/print.css  (0ms)  (pid 4296)
Compiled blueprint/screen.css  (0ms)  (pid 4296)
Compiled blueprint/src/forms.css  (0ms)  (pid 4296)
Compiled blueprint/src/grid.css  (0ms)  (pid 4296)
Compiled blueprint/src/ie.css  (9ms)  (pid 4296)
Compiled blueprint/src/print.css  (0ms)  (pid 4296)
Compiled blueprint/src/reset.css  (0ms)  (pid 4296)
Compiled blueprint/src/typography.css  (0ms)  (pid 4296)
Compiled pages.css  (12ms)  (pid 4296)
Compiled scaffolds.css  (39ms)  (pid 4296)
Compiled users.css  (6ms)  (pid 4296)
Compiled application.css  (395ms)  (pid 4296)
Compiled jquery.js  (67ms)  (pid 4275)
Compiled jquery_ujs.js  (0ms)  (pid 4275)
Compiled admin.js  (181ms)  (pid 4275)
Compiled pages.js  (1ms)  (pid 4275)
Compiled users.js  (0ms)  (pid 4275)
Compiled application.js  (352ms)  (pid 4275)
Compiled admin.css  (4ms)  (pid 4275)
Compiled blueprint/ie.css  (0ms)  (pid 4275)
Compiled blueprint/plugins/buttons/screen.css  (0ms)  (pid 4275)
Compiled blueprint/plugins/fancy-type/screen.css  (0ms)  (pid 4275)
Compiled blueprint/plugins/link-icons/screen.css  (0ms)  (pid 4275)
Compiled blueprint/plugins/rtl/screen.css  (0ms)  (pid 4275)
Compiled blueprint/print.css  (8ms)  (pid 4275)
Compiled blueprint/screen.css  (0ms)  (pid 4275)
Compiled blueprint/src/forms.css  (0ms)  (pid 4275)
Compiled blueprint/src/grid.css  (0ms)  (pid 4275)
Compiled blueprint/src/ie.css  (0ms)  (pid 4275)
Compiled blueprint/src/print.css  (0ms)  (pid 4275)
Compiled blueprint/src/reset.css  (0ms)  (pid 4275)
Compiled blueprint/src/typography.css  (0ms)  (pid 4275)
Compiled pages.css  (2ms)  (pid 4275)
Compiled scaffolds.css  (28ms)  (pid 4275)
Compiled users.css  (2ms)  (pid 4275)
Compiled application.css  (407ms)  (pid 4275)
Compiled jquery.js  (75ms)  (pid 8379)
Compiled jquery_ujs.js  (0ms)  (pid 8379)
Compiled admin.js  (177ms)  (pid 8379)
Compiled pages.js  (1ms)  (pid 8379)
Compiled users.js  (0ms)  (pid 8379)
Compiled application.js  (331ms)  (pid 8379)
Compiled admin.css  (8ms)  (pid 8379)
Compiled blueprint/ie.css  (0ms)  (pid 8379)
Compiled blueprint/plugins/buttons/screen.css  (0ms)  (pid 8379)
Compiled blueprint/plugins/fancy-type/screen.css  (0ms)  (pid 8379)
Compiled blueprint/plugins/link-icons/screen.css  (0ms)  (pid 8379)
Compiled blueprint/plugins/rtl/screen.css  (0ms)  (pid 8379)
Compiled blueprint/print.css  (0ms)  (pid 8379)
Compiled blueprint/screen.css  (0ms)  (pid 8379)
Compiled blueprint/src/forms.css  (11ms)  (pid 8379)
Compiled blueprint/src/grid.css  (0ms)  (pid 8379)
Compiled blueprint/src/ie.css  (0ms)  (pid 8379)
Compiled blueprint/src/print.css  (0ms)  (pid 8379)
Compiled blueprint/src/reset.css  (0ms)  (pid 8379)
Compiled blueprint/src/typography.css  (0ms)  (pid 8379)
Compiled pages.css  (2ms)  (pid 8379)
Compiled scaffolds.css  (31ms)  (pid 8379)
Compiled users.css  (1ms)  (pid 8379)
Compiled application.css  (369ms)  (pid 8379)
Compiled jquery.js  (78ms)  (pid 8358)
Compiled jquery_ujs.js  (1ms)  (pid 8358)
Compiled admin.js  (215ms)  (pid 8358)
Compiled pages.js  (4ms)  (pid 8358)
Compiled users.js  (2ms)  (pid 8358)
Compiled application.js  (409ms)  (pid 8358)
Compiled admin.css  (11ms)  (pid 8358)
Compiled blueprint/ie.css  (0ms)  (pid 8358)
Compiled blueprint/plugins/buttons/screen.css  (1ms)  (pid 8358)
Compiled blueprint/plugins/fancy-type/screen.css  (1ms)  (pid 8358)
Compiled blueprint/plugins/link-icons/screen.css  (0ms)  (pid 8358)
Compiled blueprint/plugins/rtl/screen.css  (0ms)  (pid 8358)
Compiled blueprint/print.css  (0ms)  (pid 8358)
Compiled blueprint/screen.css  (1ms)  (pid 8358)
Compiled blueprint/src/forms.css  (1ms)  (pid 8358)
Compiled blueprint/src/grid.css  (0ms)  (pid 8358)
Compiled blueprint/src/ie.css  (1ms)  (pid 8358)
Compiled blueprint/src/print.css  (0ms)  (pid 8358)
Compiled blueprint/src/reset.css  (1ms)  (pid 8358)
Compiled blueprint/src/typography.css  (1ms)  (pid 8358)
Compiled pages.css  (4ms)  (pid 8358)
Compiled scaffolds.css  (39ms)  (pid 8358)
Compiled users.css  (5ms)  (pid 8358)
Compiled application.css  (447ms)  (pid 8358)
Compiled jquery.js  (75ms)  (pid 8510)
Compiled jquery_ujs.js  (0ms)  (pid 8510)
Compiled admin.js  (168ms)  (pid 8510)
Compiled pages.js  (1ms)  (pid 8510)
Compiled users.js  (0ms)  (pid 8510)
Compiled application.js  (323ms)  (pid 8510)
Compiled admin.css  (14ms)  (pid 8510)
Compiled blueprint/ie.css  (0ms)  (pid 8510)
Compiled blueprint/plugins/buttons/screen.css  (0ms)  (pid 8510)
Compiled blueprint/plugins/fancy-type/screen.css  (0ms)  (pid 8510)
Compiled blueprint/plugins/link-icons/screen.css  (0ms)  (pid 8510)
Compiled blueprint/plugins/rtl/screen.css  (0ms)  (pid 8510)
Compiled blueprint/print.css  (0ms)  (pid 8510)
Compiled blueprint/screen.css  (13ms)  (pid 8510)
Compiled blueprint/src/forms.css  (0ms)  (pid 8510)
Compiled blueprint/src/grid.css  (0ms)  (pid 8510)
Compiled blueprint/src/ie.css  (0ms)  (pid 8510)
Compiled blueprint/src/print.css  (0ms)  (pid 8510)
Compiled blueprint/src/reset.css  (0ms)  (pid 8510)
Compiled blueprint/src/typography.css  (0ms)  (pid 8510)
Compiled pages.css  (12ms)  (pid 8510)
Compiled scaffolds.css  (35ms)  (pid 8510)
Compiled users.css  (12ms)  (pid 8510)
Compiled application.css  (360ms)  (pid 8510)
Compiled jquery.js  (65ms)  (pid 8492)
Compiled jquery_ujs.js  (3ms)  (pid 8492)
Compiled admin.js  (177ms)  (pid 8492)
Compiled pages.js  (1ms)  (pid 8492)
Compiled users.js  (0ms)  (pid 8492)
Compiled application.js  (327ms)  (pid 8492)
Compiled admin.css  (4ms)  (pid 8492)
Compiled blueprint/ie.css  (0ms)  (pid 8492)
Compiled blueprint/plugins/buttons/screen.css  (0ms)  (pid 8492)
Compiled blueprint/plugins/fancy-type/screen.css  (0ms)  (pid 8492)
Compiled blueprint/plugins/link-icons/screen.css  (0ms)  (pid 8492)
Compiled blueprint/plugins/rtl/screen.css  (10ms)  (pid 8492)
Compiled blueprint/print.css  (0ms)  (pid 8492)
Compiled blueprint/screen.css  (0ms)  (pid 8492)
Compiled blueprint/src/forms.css  (0ms)  (pid 8492)
Compiled blueprint/src/grid.css  (0ms)  (pid 8492)
Compiled blueprint/src/ie.css  (0ms)  (pid 8492)
Compiled blueprint/src/print.css  (0ms)  (pid 8492)
Compiled blueprint/src/reset.css  (0ms)  (pid 8492)
Compiled blueprint/src/typography.css  (0ms)  (pid 8492)
Compiled pages.css  (2ms)  (pid 8492)
Compiled scaffolds.css  (34ms)  (pid 8492)
Compiled users.css  (2ms)  (pid 8492)
Compiled application.css  (362ms)  (pid 8492)
Compiled jquery.js  (75ms)  (pid 8667)
Compiled jquery_ujs.js  (0ms)  (pid 8667)
Compiled admin.js  (175ms)  (pid 8667)
Compiled pages.js  (11ms)  (pid 8667)
Compiled users.js  (0ms)  (pid 8667)
Compiled application.js  (321ms)  (pid 8667)
Compiled admin.css  (13ms)  (pid 8667)
Compiled blueprint/ie.css  (0ms)  (pid 8667)
Compiled blueprint/plugins/buttons/screen.css  (0ms)  (pid 8667)
Compiled blueprint/plugins/fancy-type/screen.css  (10ms)  (pid 8667)
Compiled blueprint/plugins/link-icons/screen.css  (0ms)  (pid 8667)
Compiled blueprint/plugins/rtl/screen.css  (0ms)  (pid 8667)
Compiled blueprint/print.css  (0ms)  (pid 8667)
Compiled blueprint/screen.css  (0ms)  (pid 8667)
Compiled blueprint/src/forms.css  (0ms)  (pid 8667)
Compiled blueprint/src/grid.css  (0ms)  (pid 8667)
Compiled blueprint/src/ie.css  (0ms)  (pid 8667)
Compiled blueprint/src/print.css  (0ms)  (pid 8667)
Compiled blueprint/src/reset.css  (0ms)  (pid 8667)
Compiled blueprint/src/typography.css  (0ms)  (pid 8667)
Compiled pages.css  (2ms)  (pid 8667)
Compiled scaffolds.css  (36ms)  (pid 8667)
Compiled users.css  (2ms)  (pid 8667)
Compiled application.css  (364ms)  (pid 8667)
Compiled jquery.js  (65ms)  (pid 8650)
Compiled jquery_ujs.js  (0ms)  (pid 8650)
Compiled admin.js  (172ms)  (pid 8650)
Compiled pages.js  (11ms)  (pid 8650)
Compiled users.js  (0ms)  (pid 8650)
Compiled application.js  (329ms)  (pid 8650)
Compiled admin.css  (10ms)  (pid 8650)
Compiled blueprint/ie.css  (0ms)  (pid 8650)
Compiled blueprint/plugins/buttons/screen.css  (0ms)  (pid 8650)
Compiled blueprint/plugins/fancy-type/screen.css  (0ms)  (pid 8650)
Compiled blueprint/plugins/link-icons/screen.css  (0ms)  (pid 8650)
Compiled blueprint/plugins/rtl/screen.css  (0ms)  (pid 8650)
Compiled blueprint/print.css  (0ms)  (pid 8650)
Compiled blueprint/screen.css  (0ms)  (pid 8650)
Compiled blueprint/src/forms.css  (0ms)  (pid 8650)
Compiled blueprint/src/grid.css  (0ms)  (pid 8650)
Compiled blueprint/src/ie.css  (0ms)  (pid 8650)
Compiled blueprint/src/print.css  (0ms)  (pid 8650)
Compiled blueprint/src/reset.css  (10ms)  (pid 8650)
Compiled blueprint/src/typography.css  (0ms)  (pid 8650)
Compiled pages.css  (2ms)  (pid 8650)
Compiled scaffolds.css  (25ms)  (pid 8650)
Compiled users.css  (1ms)  (pid 8650)
Compiled application.css  (380ms)  (pid 8650)
Compiled jquery.js  (75ms)  (pid 9128)
Compiled jquery_ujs.js  (0ms)  (pid 9128)
Compiled admin.js  (170ms)  (pid 9128)
Compiled pages.js  (1ms)  (pid 9128)
Compiled users.js  (0ms)  (pid 9128)
Compiled application.js  (315ms)  (pid 9128)
Compiled admin.css  (14ms)  (pid 9128)
Compiled blueprint/ie.css  (0ms)  (pid 9128)
Compiled blueprint/plugins/buttons/screen.css  (0ms)  (pid 9128)
Compiled blueprint/plugins/fancy-type/screen.css  (0ms)  (pid 9128)
Compiled blueprint/plugins/link-icons/screen.css  (0ms)  (pid 9128)
Compiled blueprint/plugins/rtl/screen.css  (0ms)  (pid 9128)
Compiled blueprint/print.css  (0ms)  (pid 9128)
Compiled blueprint/screen.css  (0ms)  (pid 9128)
Compiled blueprint/src/forms.css  (0ms)  (pid 9128)
Compiled blueprint/src/grid.css  (0ms)  (pid 9128)
Compiled blueprint/src/ie.css  (0ms)  (pid 9128)
Compiled blueprint/src/print.css  (0ms)  (pid 9128)
Compiled blueprint/src/reset.css  (0ms)  (pid 9128)
Compiled blueprint/src/typography.css  (0ms)  (pid 9128)
Compiled pages.css  (2ms)  (pid 9128)
Compiled scaffolds.css  (23ms)  (pid 9128)
Compiled users.css  (2ms)  (pid 9128)
Compiled application.css  (351ms)  (pid 9128)
Compiled jquery.js  (65ms)  (pid 9109)
Compiled jquery_ujs.js  (0ms)  (pid 9109)
Compiled admin.js  (171ms)  (pid 9109)
Compiled pages.js  (11ms)  (pid 9109)
Compiled users.js  (0ms)  (pid 9109)
Compiled application.js  (328ms)  (pid 9109)
Compiled admin.css  (6ms)  (pid 9109)
Compiled blueprint/ie.css  (0ms)  (pid 9109)
Compiled blueprint/plugins/buttons/screen.css  (0ms)  (pid 9109)
Compiled blueprint/plugins/fancy-type/screen.css  (0ms)  (pid 9109)
Compiled blueprint/plugins/link-icons/screen.css  (0ms)  (pid 9109)
Compiled blueprint/plugins/rtl/screen.css  (0ms)  (pid 9109)
Compiled blueprint/print.css  (0ms)  (pid 9109)
Compiled blueprint/screen.css  (0ms)  (pid 9109)
Compiled blueprint/src/forms.css  (0ms)  (pid 9109)
Compiled blueprint/src/grid.css  (0ms)  (pid 9109)
Compiled blueprint/src/ie.css  (0ms)  (pid 9109)
Compiled blueprint/src/print.css  (0ms)  (pid 9109)
Compiled blueprint/src/reset.css  (0ms)  (pid 9109)
Compiled blueprint/src/typography.css  (0ms)  (pid 9109)
Compiled pages.css  (2ms)  (pid 9109)
Compiled scaffolds.css  (33ms)  (pid 9109)
Compiled users.css  (12ms)  (pid 9109)
Compiled application.css  (362ms)  (pid 9109)
